<?xml version="1.0" encoding="UTF-8"?>
<!-- Generated by org.testng.reporters.JUnitXMLReporter -->
<testsuite hostname="DESKTOP-MU1UQ23" ignored="2" name="Command line test" tests="2" failures="0" timestamp="15 May 2021 06:26:19 GMT" time="5.741" errors="0">
  <testcase name="RefreshPage" time="0.818" classname="TestClasses.LoginTest"/>
  <testcase name="login" time="4.892" classname="TestClasses.LoginTest"/>
  <testcase name="@AfterSuite closing" time="0.0" classname="TestClasses.BaseTest">
    <ignored/>
  </testcase> <!-- @AfterSuite closing -->
  <testcase name="@BeforeSuite initalization" time="0.0" classname="TestClasses.BaseTest">
    <ignored/>
  </testcase> <!-- @BeforeSuite initalization -->
</testsuite> <!-- Command line test -->
