<?xml version="1.0" encoding="UTF-8"?>
<testng-results skipped="0" failed="0" ignored="2" total="4" passed="2">
  <reporter-output>
    <line>
      <![CDATA[Refresh Start]]>
    </line>
    <line>
      <![CDATA[Refresh End]]>
    </line>
    <line>
      <![CDATA[Enter Cred]]>
    </line>
    <line>
      <![CDATA[Submit]]>
    </line>
  </reporter-output>
  <suite name="Command line suite" duration-ms="5741" started-at="2021-05-15T06:26:13Z" finished-at="2021-05-15T06:26:19Z">
    <groups>
    </groups>
    <test name="Command line test" duration-ms="5741" started-at="2021-05-15T06:26:13Z" finished-at="2021-05-15T06:26:19Z">
      <class name="TestClasses.BaseTest">
        <test-method status="PASS" signature="initalization()[pri:0, instance:TestClasses.BaseTest@4e04a765]" name="initalization" is-config="true" duration-ms="8301" started-at="2021-05-15T06:26:05Z" finished-at="2021-05-15T06:26:13Z">
          <reporter-output>
          </reporter-output>
        </test-method> <!-- initalization -->
        <test-method status="PASS" signature="closing()[pri:0, instance:TestClasses.BaseTest@4e04a765]" name="closing" is-config="true" duration-ms="575" started-at="2021-05-15T06:26:19Z" finished-at="2021-05-15T06:26:19Z">
          <reporter-output>
          </reporter-output>
        </test-method> <!-- closing -->
      </class> <!-- TestClasses.BaseTest -->
      <class name="TestClasses.LoginTest">
        <test-method status="PASS" signature="RefreshPage()[pri:1, instance:TestClasses.LoginTest@783e6358]" name="RefreshPage" duration-ms="818" started-at="2021-05-15T06:26:13Z" finished-at="2021-05-15T06:26:14Z">
          <reporter-output>
            <line>
              <![CDATA[Refresh Start]]>
            </line>
            <line>
              <![CDATA[Refresh End]]>
            </line>
          </reporter-output>
        </test-method> <!-- RefreshPage -->
        <test-method status="PASS" signature="login()[pri:2, instance:TestClasses.LoginTest@783e6358]" name="login" duration-ms="4892" started-at="2021-05-15T06:26:14Z" finished-at="2021-05-15T06:26:19Z">
          <reporter-output>
            <line>
              <![CDATA[Enter Cred]]>
            </line>
            <line>
              <![CDATA[Submit]]>
            </line>
          </reporter-output>
        </test-method> <!-- login -->
      </class> <!-- TestClasses.LoginTest -->
    </test> <!-- Command line test -->
  </suite> <!-- Command line suite -->
</testng-results>
